<?xml version="1.0" encoding="UTF-8"?>
<testsuite xmlns:xsi="http://www.w3.org/2001/XMLSchema-instance" xsi:noNamespaceSchemaLocation="https://maven.apache.org/surefire/maven-surefire-plugin/xsd/surefire-test-report.xsd" name="fr.mowitnow.tondeuse.TondeuseTests" time="0.048" tests="4" errors="0" skipped="0" failures="0">
  <properties>
[...]
</properties>
  <testcase name="file_is_no_exist" classname="fr.mowitnow.tondeuse.TondeuseTests" time="0.021"/>
  <testcase name="readFile_retourne_bonne_valeur" classname="fr.mowitnow.tondeuse.TondeuseTests" time="0.004"/>
  <testcase name="tondeuse_retourne_bonne_valeur" classname="fr.mowitnow.tondeuse.TondeuseTests" time="0.001"/>
  <testcase name="file_exist" classname="fr.mowitnow.tondeuse.TondeuseTests" time="0"/>
</testsuite>